<?xml version="1.0" encoding="UTF-8"?>
<testsuite name="ChatMessageContentTest" tests="4" skipped="0" failures="0" errors="0" timestamp="2025-02-06T21:12:49" hostname="DESKTOP-2F9TN2V" time="0.056">
  <properties/>
  <testcase name="getFieldModifiers_arePrivate()" classname="ChatMessageContentTest" time="0.038"/>
  <testcase name="getMethods_retrieveClassFields_unchangedSinceConstruction()" classname="ChatMessageContentTest" time="0.008"/>
  <testcase name="getFieldModifiers_areFinal()" classname="ChatMessageContentTest" time="0.001"/>
  <testcase name="getClassModifiers_isFinal()" classname="ChatMessageContentTest" time="0.003"/>
  <system-out><![CDATA[]]></system-out>
  <system-err><![CDATA[]]></system-err>
</testsuite>
